<?xml version="1.0" encoding="UTF-8"?>
<!-- Generated by org.testng.reporters.JUnitReportReporter -->
<testsuite hostname="LAPTOP-CJ23D15G" name="Sample.Test1" tests="1" failures="0" timestamp="10 Mar 2022 18:36:42 GMT" time="3.847" errors="0">
  <testcase name="test1" time="3.847" classname="Sample.Test1"/>
</testsuite> <!-- Sample.Test1 -->
