<?xml version="1.0" encoding="UTF-8"?>
<!-- Generated by org.testng.reporters.JUnitReportReporter -->
<testsuite hostname="LAPTOP-CJ23D15G" name="Sample.sample123" tests="1" failures="0" timestamp="13 Mar 2022 16:05:26 GMT" time="1.542" errors="0">
  <testcase name="Postmethodwithpojo1" time="1.542" classname="Sample.sample123"/>
</testsuite> <!-- Sample.sample123 -->
